[0m12:56:00.212437 [debug] [MainThread]: Sending event: {'category': 'dbt', 'action': 'invocation', 'label': 'start', 'context': [<snowplow_tracker.self_describing_json.SelfDescribingJson object at 0x0000027F34785D60>, <snowplow_tracker.self_describing_json.SelfDescribingJson object at 0x0000027F34786690>, <snowplow_tracker.self_describing_json.SelfDescribingJson object at 0x0000027F34786BD0>]}


============================== 12:56:00.222908 | 2cec230a-e0ab-45a4-9df0-d514577d53f5 ==============================
[0m12:56:00.222908 [info ] [MainThread]: Running with dbt=1.7.9
[0m12:56:00.225511 [debug] [MainThread]: running dbt with arguments {'printer_width': '80', 'indirect_selection': 'eager', 'log_cache_events': 'False', 'write_json': 'True', 'partial_parse': 'True', 'cache_selected_only': 'False', 'warn_error': 'None', 'debug': 'False', 'fail_fast': 'False', 'log_path': 'logs', 'version_check': 'True', 'profiles_dir': 'C:\\Users\\diony\\.dbt', 'use_colors': 'True', 'use_experimental_parser': 'False', 'no_print': 'None', 'quiet': 'False', 'log_format': 'default', 'static_parser': 'True', 'warn_error_options': 'WarnErrorOptions(include=[], exclude=[])', 'introspect': 'True', 'target_path': 'None', 'invocation_command': 'dbt run', 'send_anonymous_usage_stats': 'True'}
[0m12:56:00.227590 [error] [MainThread]: Encountered an error:
Runtime Error
  No dbt_project.yml found at expected path H:\My Drive\greekpany\dbt_project.yml
  Verify that each entry within packages.yml (and their transitive dependencies) contains a file named dbt_project.yml
  
[0m12:56:00.230855 [debug] [MainThread]: Command `dbt run` failed at 12:56:00.229855 after 0.24 seconds
[0m12:56:00.232404 [debug] [MainThread]: Sending event: {'category': 'dbt', 'action': 'invocation', 'label': 'end', 'context': [<snowplow_tracker.self_describing_json.SelfDescribingJson object at 0x0000027F3476BE60>, <snowplow_tracker.self_describing_json.SelfDescribingJson object at 0x0000027F341FB860>, <snowplow_tracker.self_describing_json.SelfDescribingJson object at 0x0000027F34784770>]}
[0m12:56:00.234444 [debug] [MainThread]: Flushing usage events
[0m14:37:43.236433 [debug] [MainThread]: Sending event: {'category': 'dbt', 'action': 'invocation', 'label': 'start', 'context': [<snowplow_tracker.self_describing_json.SelfDescribingJson object at 0x000001F8E9A94710>, <snowplow_tracker.self_describing_json.SelfDescribingJson object at 0x000001F8E9A94B90>, <snowplow_tracker.self_describing_json.SelfDescribingJson object at 0x000001F8E9A94FE0>]}


============================== 14:37:43.246592 | 55085499-ab66-48c4-ab71-135ad143aa33 ==============================
[0m14:37:43.246592 [info ] [MainThread]: Running with dbt=1.7.9
[0m14:37:43.248104 [debug] [MainThread]: running dbt with arguments {'printer_width': '80', 'indirect_selection': 'eager', 'write_json': 'True', 'log_cache_events': 'False', 'partial_parse': 'True', 'cache_selected_only': 'False', 'warn_error': 'None', 'fail_fast': 'False', 'debug': 'False', 'log_path': 'logs', 'profiles_dir': 'C:\\Users\\diony\\.dbt', 'version_check': 'True', 'use_colors': 'True', 'use_experimental_parser': 'False', 'no_print': 'None', 'quiet': 'False', 'log_format': 'default', 'invocation_command': 'dbt run', 'warn_error_options': 'WarnErrorOptions(include=[], exclude=[])', 'static_parser': 'True', 'target_path': 'None', 'introspect': 'True', 'send_anonymous_usage_stats': 'True'}
[0m14:37:43.248104 [error] [MainThread]: Encountered an error:
Runtime Error
  No dbt_project.yml found at expected path H:\My Drive\greekpany\dbt_project.yml
  Verify that each entry within packages.yml (and their transitive dependencies) contains a file named dbt_project.yml
  
[0m14:37:43.248104 [debug] [MainThread]: Command `dbt run` failed at 14:37:43.248104 after 0.20 seconds
[0m14:37:43.255390 [debug] [MainThread]: Sending event: {'category': 'dbt', 'action': 'invocation', 'label': 'end', 'context': [<snowplow_tracker.self_describing_json.SelfDescribingJson object at 0x000001F8E965CF80>, <snowplow_tracker.self_describing_json.SelfDescribingJson object at 0x000001F8E979EF90>, <snowplow_tracker.self_describing_json.SelfDescribingJson object at 0x000001F8E9A94200>]}
[0m14:37:43.256403 [debug] [MainThread]: Flushing usage events
[0m14:39:24.240033 [debug] [MainThread]: Sending event: {'category': 'dbt', 'action': 'invocation', 'label': 'start', 'context': [<snowplow_tracker.self_describing_json.SelfDescribingJson object at 0x0000027B53D25790>, <snowplow_tracker.self_describing_json.SelfDescribingJson object at 0x0000027B538FFBF0>, <snowplow_tracker.self_describing_json.SelfDescribingJson object at 0x0000027B53D25BE0>]}


============================== 14:39:24.249064 | 3f34d609-dcb2-4802-aa95-12a3be8f83ad ==============================
[0m14:39:24.249064 [info ] [MainThread]: Running with dbt=1.7.9
[0m14:39:24.252489 [debug] [MainThread]: running dbt with arguments {'printer_width': '80', 'indirect_selection': 'eager', 'write_json': 'True', 'log_cache_events': 'False', 'partial_parse': 'True', 'cache_selected_only': 'False', 'warn_error': 'None', 'version_check': 'True', 'fail_fast': 'False', 'log_path': 'logs', 'debug': 'False', 'profiles_dir': 'C:\\Users\\diony\\.dbt', 'use_colors': 'True', 'use_experimental_parser': 'False', 'no_print': 'None', 'quiet': 'False', 'log_format': 'default', 'invocation_command': 'dbt debug', 'introspect': 'True', 'static_parser': 'True', 'target_path': 'None', 'warn_error_options': 'WarnErrorOptions(include=[], exclude=[])', 'send_anonymous_usage_stats': 'True'}
[0m14:39:24.253878 [info ] [MainThread]: dbt version: 1.7.9
[0m14:39:24.255968 [info ] [MainThread]: python version: 3.12.0
[0m14:39:24.257979 [info ] [MainThread]: python path: C:\Users\diony\AppData\Local\Programs\Python\Python312\python.exe
[0m14:39:24.260011 [info ] [MainThread]: os info: Windows-11-10.0.26100-SP0
[0m14:39:24.379892 [info ] [MainThread]: Using profiles dir at C:\Users\diony\.dbt
[0m14:39:24.382085 [info ] [MainThread]: Using profiles.yml file at C:\Users\diony\.dbt\profiles.yml
[0m14:39:24.384106 [info ] [MainThread]: Using dbt_project.yml file at H:\My Drive\Project\Greekpany\dbt_project.yml
[0m14:39:24.386118 [info ] [MainThread]: adapter type: mysql
[0m14:39:24.388140 [info ] [MainThread]: adapter version: 1.7.0
[0m14:39:24.390182 [info ] [MainThread]: Configuration:
[0m14:39:24.392305 [info ] [MainThread]:   profiles.yml file [[32mOK found and valid[0m]
[0m14:39:24.394321 [info ] [MainThread]:   dbt_project.yml file [[31mERROR not found[0m]
[0m14:39:24.396434 [info ] [MainThread]: Required dependencies:
[0m14:39:24.397437 [debug] [MainThread]: Executing "git --help"
[0m14:39:24.440792 [debug] [MainThread]: STDOUT: "b"usage: git [-v | --version] [-h | --help] [-C <path>] [-c <name>=<value>]\n           [--exec-path[=<path>]] [--html-path] [--man-path] [--info-path]\n           [-p | --paginate | -P | --no-pager] [--no-replace-objects] [--no-lazy-fetch]\n           [--no-optional-locks] [--no-advice] [--bare] [--git-dir=<path>]\n           [--work-tree=<path>] [--namespace=<name>] [--config-env=<name>=<envvar>]\n           <command> [<args>]\n\nThese are common Git commands used in various situations:\n\nstart a working area (see also: git help tutorial)\n   clone      Clone a repository into a new directory\n   init       Create an empty Git repository or reinitialize an existing one\n\nwork on the current change (see also: git help everyday)\n   add        Add file contents to the index\n   mv         Move or rename a file, a directory, or a symlink\n   restore    Restore working tree files\n   rm         Remove files from the working tree and from the index\n\nexamine the history and state (see also: git help revisions)\n   bisect     Use binary search to find the commit that introduced a bug\n   diff       Show changes between commits, commit and working tree, etc\n   grep       Print lines matching a pattern\n   log        Show commit logs\n   show       Show various types of objects\n   status     Show the working tree status\n\ngrow, mark and tweak your common history\n   backfill   Download missing objects in a partial clone\n   branch     List, create, or delete branches\n   commit     Record changes to the repository\n   merge      Join two or more development histories together\n   rebase     Reapply commits on top of another base tip\n   reset      Reset current HEAD to the specified state\n   switch     Switch branches\n   tag        Create, list, delete or verify a tag object signed with GPG\n\ncollaborate (see also: git help workflows)\n   fetch      Download objects and refs from another repository\n   pull       Fetch from and integrate with another repository or a local branch\n   push       Update remote refs along with associated objects\n\n'git help -a' and 'git help -g' list available subcommands and some\nconcept guides. See 'git help <command>' or 'git help <concept>'\nto read about a specific subcommand or concept.\nSee 'git help git' for an overview of the system.\n""
[0m14:39:24.442900 [debug] [MainThread]: STDERR: "b''"
[0m14:39:24.444997 [info ] [MainThread]:  - git [[32mOK found[0m]

[0m14:39:24.447006 [info ] [MainThread]: Connection:
[0m14:39:24.449010 [info ] [MainThread]:   server: localhost
[0m14:39:24.451161 [info ] [MainThread]:   unix_socket: None
[0m14:39:24.452581 [info ] [MainThread]:   port: 3306
[0m14:39:24.454589 [info ] [MainThread]:   database: None
[0m14:39:24.456598 [info ] [MainThread]:   schema: greekmpany
[0m14:39:24.457600 [info ] [MainThread]:   user: root
[0m14:39:24.460109 [info ] [MainThread]: Registered adapter: mysql=1.7.0
[0m14:39:24.462199 [debug] [MainThread]: Acquiring new mysql connection 'debug'
[0m14:39:24.464222 [debug] [MainThread]: Using mysql connection "debug"
[0m14:39:24.466361 [debug] [MainThread]: On debug: select 1 as id
[0m14:39:24.467365 [debug] [MainThread]: Opening a new connection, currently in state init
[0m14:39:24.531807 [debug] [MainThread]: SQL status: SUCCESS 1 in 0.0 seconds
[0m14:39:24.534843 [debug] [MainThread]: On debug: Close
[0m14:39:24.536869 [info ] [MainThread]:   Connection test: [[32mOK connection ok[0m]

[0m14:39:24.538873 [info ] [MainThread]: [31m1 check failed:[0m
[0m14:39:24.541578 [info ] [MainThread]: Project loading failed for the following reason:
 project path <H:\My Drive\Project\Greekpany\dbt_project.yml> not found

[0m14:39:24.544333 [debug] [MainThread]: Command `dbt debug` failed at 14:39:24.543323 after 0.51 seconds
[0m14:39:24.544333 [debug] [MainThread]: Connection 'debug' was properly closed.
[0m14:39:24.544333 [debug] [MainThread]: Sending event: {'category': 'dbt', 'action': 'invocation', 'label': 'end', 'context': [<snowplow_tracker.self_describing_json.SelfDescribingJson object at 0x0000027B52F089E0>, <snowplow_tracker.self_describing_json.SelfDescribingJson object at 0x0000027B53EE19A0>, <snowplow_tracker.self_describing_json.SelfDescribingJson object at 0x0000027B537691C0>]}
[0m14:39:24.549734 [debug] [MainThread]: Flushing usage events
